<?xml version="1.0" encoding="UTF-8"?>
<coverage generated="1763588004244" clover="3.2.0">
  <project timestamp="1763588004244" name="All files">
    <metrics statements="71" coveredstatements="43" conditionals="24" coveredconditionals="13" methods="12" coveredmethods="5" elements="107" coveredelements="61" complexity="0" loc="71" ncloc="71" packages="2" files="3" classes="3"/>
    <package name="lib">
      <metrics statements="3" coveredstatements="3" conditionals="4" coveredconditionals="2" methods="0" coveredmethods="0"/>
      <file name="api.ts" path="C:\Users\Lenovo\VSC\GitHub\Prak PKPL\fe-PSA-Card\src\lib\api.ts">
        <metrics statements="3" coveredstatements="3" conditionals="4" coveredconditionals="2" methods="0" coveredmethods="0"/>
        <line num="1" count="2" type="stmt"/>
        <line num="3" count="2" type="cond" truecount="1" falsecount="1"/>
        <line num="4" count="2" type="cond" truecount="1" falsecount="1"/>
      </file>
    </package>
    <package name="services">
      <metrics statements="68" coveredstatements="40" conditionals="20" coveredconditionals="11" methods="12" coveredmethods="5"/>
      <file name="authService.ts" path="C:\Users\Lenovo\VSC\GitHub\Prak PKPL\fe-PSA-Card\src\services\authService.ts">
        <metrics statements="37" coveredstatements="23" conditionals="14" coveredconditionals="7" methods="4" coveredmethods="2"/>
        <line num="11" count="1" type="stmt"/>
        <line num="13" count="1" type="stmt"/>
        <line num="16" count="3" type="stmt"/>
        <line num="17" count="3" type="stmt"/>
        <line num="18" count="1" type="stmt"/>
        <line num="20" count="1" type="cond" truecount="1" falsecount="1"/>
        <line num="21" count="1" type="stmt"/>
        <line num="22" count="1" type="stmt"/>
        <line num="25" count="1" type="stmt"/>
        <line num="27" count="2" type="stmt"/>
        <line num="29" count="2" type="cond" truecount="2" falsecount="0"/>
        <line num="30" count="2" type="stmt"/>
        <line num="34" count="1" type="stmt"/>
        <line num="37" count="4" type="stmt"/>
        <line num="38" count="4" type="stmt"/>
        <line num="40" count="3" type="stmt"/>
        <line num="45" count="3" type="cond" truecount="2" falsecount="0"/>
        <line num="46" count="1" type="stmt"/>
        <line num="49" count="1" type="stmt"/>
        <line num="52" count="2" type="cond" truecount="2" falsecount="0"/>
        <line num="53" count="3" type="stmt"/>
        <line num="57" count="1" type="stmt"/>
        <line num="60" count="0" type="stmt"/>
        <line num="61" count="0" type="stmt"/>
        <line num="65" count="0" type="stmt"/>
        <line num="67" count="0" type="stmt"/>
        <line num="69" count="0" type="cond" truecount="0" falsecount="2"/>
        <line num="70" count="0" type="stmt"/>
        <line num="74" count="1" type="stmt"/>
        <line num="77" count="0" type="stmt"/>
        <line num="78" count="0" type="stmt"/>
        <line num="80" count="0" type="stmt"/>
        <line num="85" count="0" type="cond" truecount="0" falsecount="2"/>
        <line num="86" count="0" type="stmt"/>
        <line num="89" count="0" type="stmt"/>
        <line num="92" count="0" type="cond" truecount="0" falsecount="2"/>
        <line num="93" count="0" type="stmt"/>
      </file>
      <file name="cardService.ts" path="C:\Users\Lenovo\VSC\GitHub\Prak PKPL\fe-PSA-Card\src\services\cardService.ts">
        <metrics statements="31" coveredstatements="17" conditionals="6" coveredconditionals="4" methods="8" coveredmethods="3"/>
        <line num="42" count="1" type="stmt"/>
        <line num="46" count="3" type="stmt"/>
        <line num="47" count="3" type="stmt"/>
        <line num="48" count="4" type="stmt"/>
        <line num="49" count="4" type="stmt"/>
        <line num="50" count="4" type="stmt"/>
        <line num="51" count="4" type="cond" truecount="2" falsecount="0"/>
        <line num="52" count="2" type="stmt"/>
        <line num="56" count="4" type="cond" truecount="2" falsecount="0"/>
        <line num="57" count="4" type="stmt"/>
        <line num="60" count="3" type="stmt"/>
        <line num="65" count="3" type="stmt"/>
        <line num="68" count="1" type="stmt"/>
        <line num="69" count="0" type="stmt"/>
        <line num="70" count="0" type="stmt"/>
        <line num="71" count="0" type="stmt"/>
        <line num="73" count="0" type="stmt"/>
        <line num="74" count="0" type="stmt"/>
        <line num="78" count="1" type="stmt"/>
        <line num="81" count="0" type="stmt"/>
        <line num="84" count="0" type="cond" truecount="0" falsecount="2"/>
        <line num="87" count="1" type="stmt"/>
        <line num="91" count="0" type="stmt"/>
        <line num="92" count="0" type="stmt"/>
        <line num="93" count="0" type="stmt"/>
        <line num="100" count="0" type="stmt"/>
        <line num="101" count="0" type="stmt"/>
        <line num="110" count="1" type="stmt"/>
        <line num="114" count="0" type="stmt"/>
        <line num="117" count="1" type="stmt"/>
        <line num="121" count="0" type="stmt"/>
      </file>
    </package>
  </project>
</coverage>
