{"C:\\Users\\Lenovo\\VSC\\GitHub\\Prak PKPL\\fe-PSA-Card\\src\\lib\\api.ts": {"path":"C:\\Users\\Lenovo\\VSC\\GitHub\\Prak PKPL\\fe-PSA-Card\\src\\lib\\api.ts","statementMap":{"0":{"start":{"line":1,"column":15},"end":{"line":1,"column":null}},"1":{"start":{"line":3,"column":23},"end":{"line":3,"column":null}},"2":{"start":{"line":4,"column":22},"end":{"line":4,"column":null}}},"fnMap":{},"branchMap":{"0":{"loc":{"start":{"line":3,"column":23},"end":{"line":3,"column":null}},"type":"cond-expr","locations":[{"start":{"line":3,"column":32},"end":{"line":3,"column":41}},{"start":{"line":3,"column":41},"end":{"line":3,"column":null}}],"line":3},"1":{"loc":{"start":{"line":4,"column":22},"end":{"line":4,"column":null}},"type":"cond-expr","locations":[{"start":{"line":4,"column":31},"end":{"line":4,"column":36}},{"start":{"line":4,"column":36},"end":{"line":4,"column":null}}],"line":4}},"s":{"0":2,"1":2,"2":2},"f":{},"b":{"0":[0,2],"1":[0,2]},"meta":{"lastBranch":2,"lastFunction":0,"lastStatement":3,"seen":{"s:1:15:1:Infinity":0,"s:3:23:3:Infinity":1,"b:3:32:3:41:3:41:3:Infinity":0,"s:4:22:4:Infinity":2,"b:4:31:4:36:4:36:4:Infinity":1}}}
,"C:\\Users\\Lenovo\\VSC\\GitHub\\Prak PKPL\\fe-PSA-Card\\src\\services\\authService.ts": {"path":"C:\\Users\\Lenovo\\VSC\\GitHub\\Prak PKPL\\fe-PSA-Card\\src\\services\\authService.ts","statementMap":{"0":{"start":{"line":11,"column":27},"end":{"line":11,"column":null}},"1":{"start":{"line":13,"column":21},"end":{"line":32,"column":null}},"2":{"start":{"line":16,"column":1},"end":{"line":31,"column":null}},"3":{"start":{"line":17,"column":19},"end":{"line":17,"column":null}},"4":{"start":{"line":18,"column":15},"end":{"line":18,"column":null}},"5":{"start":{"line":20,"column":2},"end":{"line":23,"column":null}},"6":{"start":{"line":21,"column":3},"end":{"line":21,"column":null}},"7":{"start":{"line":22,"column":3},"end":{"line":22,"column":null}},"8":{"start":{"line":25,"column":2},"end":{"line":25,"column":null}},"9":{"start":{"line":27,"column":16},"end":{"line":27,"column":null}},"10":{"start":{"line":29,"column":3},"end":{"line":29,"column":null}},"11":{"start":{"line":30,"column":2},"end":{"line":30,"column":null}},"12":{"start":{"line":34,"column":24},"end":{"line":55,"column":null}},"13":{"start":{"line":37,"column":1},"end":{"line":54,"column":null}},"14":{"start":{"line":38,"column":2},"end":{"line":38,"column":null}},"15":{"start":{"line":40,"column":16},"end":{"line":40,"column":null}},"16":{"start":{"line":45,"column":2},"end":{"line":50,"column":null}},"17":{"start":{"line":46,"column":28},"end":{"line":48,"column":null}},"18":{"start":{"line":49,"column":3},"end":{"line":49,"column":null}},"19":{"start":{"line":52,"column":3},"end":{"line":52,"column":null}},"20":{"start":{"line":53,"column":2},"end":{"line":53,"column":null}},"21":{"start":{"line":57,"column":30},"end":{"line":72,"column":null}},"22":{"start":{"line":60,"column":1},"end":{"line":71,"column":null}},"23":{"start":{"line":61,"column":19},"end":{"line":64,"column":null}},"24":{"start":{"line":65,"column":2},"end":{"line":65,"column":null}},"25":{"start":{"line":67,"column":16},"end":{"line":67,"column":null}},"26":{"start":{"line":69,"column":3},"end":{"line":69,"column":null}},"27":{"start":{"line":70,"column":2},"end":{"line":70,"column":null}},"28":{"start":{"line":74,"column":29},"end":{"line":95,"column":null}},"29":{"start":{"line":77,"column":1},"end":{"line":94,"column":null}},"30":{"start":{"line":78,"column":2},"end":{"line":78,"column":null}},"31":{"start":{"line":80,"column":16},"end":{"line":80,"column":null}},"32":{"start":{"line":85,"column":2},"end":{"line":90,"column":null}},"33":{"start":{"line":86,"column":28},"end":{"line":88,"column":null}},"34":{"start":{"line":89,"column":3},"end":{"line":89,"column":null}},"35":{"start":{"line":92,"column":3},"end":{"line":92,"column":null}},"36":{"start":{"line":93,"column":2},"end":{"line":93,"column":null}}},"fnMap":{"0":{"name":"(anonymous_0)","decl":{"start":{"line":13,"column":21},"end":{"line":13,"column":null}},"loc":{"start":{"line":15,"column":29},"end":{"line":32,"column":null}},"line":15},"1":{"name":"(anonymous_1)","decl":{"start":{"line":34,"column":24},"end":{"line":34,"column":null}},"loc":{"start":{"line":36,"column":20},"end":{"line":55,"column":null}},"line":36},"2":{"name":"(anonymous_2)","decl":{"start":{"line":57,"column":30},"end":{"line":57,"column":null}},"loc":{"start":{"line":59,"column":34},"end":{"line":72,"column":null}},"line":59},"3":{"name":"(anonymous_3)","decl":{"start":{"line":74,"column":29},"end":{"line":74,"column":null}},"loc":{"start":{"line":76,"column":20},"end":{"line":95,"column":null}},"line":76}},"branchMap":{"0":{"loc":{"start":{"line":20,"column":2},"end":{"line":23,"column":null}},"type":"if","locations":[{"start":{"line":20,"column":2},"end":{"line":23,"column":null}},{"start":{},"end":{}}],"line":20},"1":{"loc":{"start":{"line":29,"column":3},"end":{"line":29,"column":null}},"type":"binary-expr","locations":[{"start":{"line":29,"column":3},"end":{"line":29,"column":37}},{"start":{"line":29,"column":37},"end":{"line":29,"column":null}}],"line":29},"2":{"loc":{"start":{"line":45,"column":2},"end":{"line":50,"column":null}},"type":"if","locations":[{"start":{"line":45,"column":2},"end":{"line":50,"column":null}},{"start":{},"end":{}}],"line":45},"3":{"loc":{"start":{"line":52,"column":3},"end":{"line":52,"column":null}},"type":"binary-expr","locations":[{"start":{"line":52,"column":3},"end":{"line":52,"column":37}},{"start":{"line":52,"column":37},"end":{"line":52,"column":null}}],"line":52},"4":{"loc":{"start":{"line":69,"column":3},"end":{"line":69,"column":null}},"type":"binary-expr","locations":[{"start":{"line":69,"column":3},"end":{"line":69,"column":37}},{"start":{"line":69,"column":37},"end":{"line":69,"column":null}}],"line":69},"5":{"loc":{"start":{"line":85,"column":2},"end":{"line":90,"column":null}},"type":"if","locations":[{"start":{"line":85,"column":2},"end":{"line":90,"column":null}},{"start":{},"end":{}}],"line":85},"6":{"loc":{"start":{"line":92,"column":3},"end":{"line":92,"column":null}},"type":"binary-expr","locations":[{"start":{"line":92,"column":3},"end":{"line":92,"column":37}},{"start":{"line":92,"column":37},"end":{"line":92,"column":null}}],"line":92}},"s":{"0":1,"1":1,"2":3,"3":3,"4":1,"5":1,"6":1,"7":1,"8":1,"9":2,"10":2,"11":2,"12":1,"13":4,"14":4,"15":3,"16":3,"17":1,"18":1,"19":2,"20":3,"21":1,"22":0,"23":0,"24":0,"25":0,"26":0,"27":0,"28":1,"29":0,"30":0,"31":0,"32":0,"33":0,"34":0,"35":0,"36":0},"f":{"0":3,"1":4,"2":0,"3":0},"b":{"0":[1,0],"1":[2,1],"2":[1,2],"3":[2,1],"4":[0,0],"5":[0,0],"6":[0,0]},"meta":{"lastBranch":7,"lastFunction":4,"lastStatement":37,"seen":{"s:11:27:11:Infinity":0,"s:13:21:32:Infinity":1,"f:13:21:13:Infinity":0,"s:16:1:31:Infinity":2,"s:17:19:17:Infinity":3,"s:18:15:18:Infinity":4,"b:20:2:23:Infinity:undefined:undefined:undefined:undefined":0,"s:20:2:23:Infinity":5,"s:21:3:21:Infinity":6,"s:22:3:22:Infinity":7,"s:25:2:25:Infinity":8,"s:27:16:27:Infinity":9,"s:29:3:29:Infinity":10,"b:29:3:29:37:29:37:29:Infinity":1,"s:30:2:30:Infinity":11,"s:34:24:55:Infinity":12,"f:34:24:34:Infinity":1,"s:37:1:54:Infinity":13,"s:38:2:38:Infinity":14,"s:40:16:40:Infinity":15,"b:45:2:50:Infinity:undefined:undefined:undefined:undefined":2,"s:45:2:50:Infinity":16,"s:46:28:48:Infinity":17,"s:49:3:49:Infinity":18,"s:52:3:52:Infinity":19,"b:52:3:52:37:52:37:52:Infinity":3,"s:53:2:53:Infinity":20,"s:57:30:72:Infinity":21,"f:57:30:57:Infinity":2,"s:60:1:71:Infinity":22,"s:61:19:64:Infinity":23,"s:65:2:65:Infinity":24,"s:67:16:67:Infinity":25,"s:69:3:69:Infinity":26,"b:69:3:69:37:69:37:69:Infinity":4,"s:70:2:70:Infinity":27,"s:74:29:95:Infinity":28,"f:74:29:74:Infinity":3,"s:77:1:94:Infinity":29,"s:78:2:78:Infinity":30,"s:80:16:80:Infinity":31,"b:85:2:90:Infinity:undefined:undefined:undefined:undefined":5,"s:85:2:90:Infinity":32,"s:86:28:88:Infinity":33,"s:89:3:89:Infinity":34,"s:92:3:92:Infinity":35,"b:92:3:92:37:92:37:92:Infinity":6,"s:93:2:93:Infinity":36}}}
,"C:\\Users\\Lenovo\\VSC\\GitHub\\Prak PKPL\\fe-PSA-Card\\src\\services\\cardService.ts": {"path":"C:\\Users\\Lenovo\\VSC\\GitHub\\Prak PKPL\\fe-PSA-Card\\src\\services\\cardService.ts","statementMap":{"0":{"start":{"line":42,"column":27},"end":{"line":66,"column":null}},"1":{"start":{"line":46,"column":18},"end":{"line":46,"column":null}},"2":{"start":{"line":47,"column":1},"end":{"line":59,"column":null}},"3":{"start":{"line":48,"column":2},"end":{"line":48,"column":null}},"4":{"start":{"line":49,"column":2},"end":{"line":49,"column":null}},"5":{"start":{"line":50,"column":2},"end":{"line":50,"column":null}},"6":{"start":{"line":51,"column":2},"end":{"line":55,"column":null}},"7":{"start":{"line":52,"column":3},"end":{"line":55,"column":null}},"8":{"start":{"line":56,"column":2},"end":{"line":58,"column":null}},"9":{"start":{"line":57,"column":3},"end":{"line":57,"column":null}},"10":{"start":{"line":60,"column":13},"end":{"line":64,"column":null}},"11":{"start":{"line":65,"column":1},"end":{"line":65,"column":null}},"12":{"start":{"line":68,"column":28},"end":{"line":76,"column":null}},"13":{"start":{"line":69,"column":1},"end":{"line":75,"column":null}},"14":{"start":{"line":70,"column":19},"end":{"line":70,"column":null}},"15":{"start":{"line":71,"column":2},"end":{"line":71,"column":null}},"16":{"start":{"line":73,"column":2},"end":{"line":73,"column":null}},"17":{"start":{"line":74,"column":2},"end":{"line":74,"column":null}},"18":{"start":{"line":78,"column":33},"end":{"line":85,"column":null}},"19":{"start":{"line":81,"column":13},"end":{"line":83,"column":null}},"20":{"start":{"line":84,"column":1},"end":{"line":84,"column":null}},"21":{"start":{"line":87,"column":35},"end":{"line":108,"column":null}},"22":{"start":{"line":91,"column":18},"end":{"line":91,"column":null}},"23":{"start":{"line":92,"column":1},"end":{"line":92,"column":null}},"24":{"start":{"line":93,"column":13},"end":{"line":99,"column":null}},"25":{"start":{"line":100,"column":14},"end":{"line":100,"column":null}},"26":{"start":{"line":101,"column":1},"end":{"line":107,"column":null}},"27":{"start":{"line":110,"column":35},"end":{"line":115,"column":null}},"28":{"start":{"line":114,"column":1},"end":{"line":114,"column":null}},"29":{"start":{"line":117,"column":32},"end":{"line":122,"column":null}},"30":{"start":{"line":121,"column":1},"end":{"line":121,"column":null}}},"fnMap":{"0":{"name":"(anonymous_0)","decl":{"start":{"line":42,"column":27},"end":{"line":42,"column":null}},"loc":{"start":{"line":45,"column":35},"end":{"line":66,"column":null}},"line":45},"1":{"name":"(anonymous_1)","decl":{"start":{"line":47,"column":15},"end":{"line":47,"column":16}},"loc":{"start":{"line":47,"column":30},"end":{"line":59,"column":2}},"line":47},"2":{"name":"(anonymous_2)","decl":{"start":{"line":56,"column":30},"end":{"line":56,"column":31}},"loc":{"start":{"line":57,"column":3},"end":{"line":57,"column":null}},"line":57},"3":{"name":"(anonymous_3)","decl":{"start":{"line":68,"column":28},"end":{"line":68,"column":57}},"loc":{"start":{"line":68,"column":57},"end":{"line":76,"column":null}},"line":68},"4":{"name":"(anonymous_4)","decl":{"start":{"line":78,"column":33},"end":{"line":78,"column":null}},"loc":{"start":{"line":80,"column":31},"end":{"line":85,"column":null}},"line":80},"5":{"name":"(anonymous_5)","decl":{"start":{"line":87,"column":35},"end":{"line":87,"column":null}},"loc":{"start":{"line":90,"column":29},"end":{"line":108,"column":null}},"line":90},"6":{"name":"(anonymous_6)","decl":{"start":{"line":110,"column":35},"end":{"line":110,"column":null}},"loc":{"start":{"line":113,"column":20},"end":{"line":115,"column":null}},"line":113},"7":{"name":"(anonymous_7)","decl":{"start":{"line":117,"column":32},"end":{"line":117,"column":null}},"loc":{"start":{"line":120,"column":20},"end":{"line":122,"column":null}},"line":120}},"branchMap":{"0":{"loc":{"start":{"line":51,"column":2},"end":{"line":55,"column":null}},"type":"if","locations":[{"start":{"line":51,"column":2},"end":{"line":55,"column":null}},{"start":{},"end":{}}],"line":51},"1":{"loc":{"start":{"line":56,"column":3},"end":{"line":56,"column":22}},"type":"binary-expr","locations":[{"start":{"line":56,"column":3},"end":{"line":56,"column":18}},{"start":{"line":56,"column":18},"end":{"line":56,"column":22}}],"line":56},"2":{"loc":{"start":{"line":84,"column":8},"end":{"line":84,"column":null}},"type":"binary-expr","locations":[{"start":{"line":84,"column":8},"end":{"line":84,"column":36}},{"start":{"line":84,"column":36},"end":{"line":84,"column":null}}],"line":84}},"s":{"0":1,"1":3,"2":3,"3":4,"4":4,"5":4,"6":4,"7":2,"8":4,"9":4,"10":3,"11":3,"12":1,"13":0,"14":0,"15":0,"16":0,"17":0,"18":1,"19":0,"20":0,"21":1,"22":0,"23":0,"24":0,"25":0,"26":0,"27":1,"28":0,"29":1,"30":0},"f":{"0":3,"1":4,"2":4,"3":0,"4":0,"5":0,"6":0,"7":0},"b":{"0":[2,2],"1":[4,1],"2":[0,0]},"meta":{"lastBranch":3,"lastFunction":8,"lastStatement":31,"seen":{"s:42:27:66:Infinity":0,"f:42:27:42:Infinity":0,"s:46:18:46:Infinity":1,"s:47:1:59:Infinity":2,"f:47:15:47:16":1,"s:48:2:48:Infinity":3,"s:49:2:49:Infinity":4,"s:50:2:50:Infinity":5,"b:51:2:55:Infinity:undefined:undefined:undefined:undefined":0,"s:51:2:55:Infinity":6,"s:52:3:55:Infinity":7,"s:56:2:58:Infinity":8,"b:56:3:56:18:56:18:56:22":1,"f:56:30:56:31":2,"s:57:3:57:Infinity":9,"s:60:13:64:Infinity":10,"s:65:1:65:Infinity":11,"s:68:28:76:Infinity":12,"f:68:28:68:57":3,"s:69:1:75:Infinity":13,"s:70:19:70:Infinity":14,"s:71:2:71:Infinity":15,"s:73:2:73:Infinity":16,"s:74:2:74:Infinity":17,"s:78:33:85:Infinity":18,"f:78:33:78:Infinity":4,"s:81:13:83:Infinity":19,"s:84:1:84:Infinity":20,"b:84:8:84:36:84:36:84:Infinity":2,"s:87:35:108:Infinity":21,"f:87:35:87:Infinity":5,"s:91:18:91:Infinity":22,"s:92:1:92:Infinity":23,"s:93:13:99:Infinity":24,"s:100:14:100:Infinity":25,"s:101:1:107:Infinity":26,"s:110:35:115:Infinity":27,"f:110:35:110:Infinity":6,"s:114:1:114:Infinity":28,"s:117:32:122:Infinity":29,"f:117:32:117:Infinity":7,"s:121:1:121:Infinity":30}}}
}
